<?xml version="1.0" encoding="UTF-8"?>
<coverage generated="1751355937568" clover="3.2.0">
  <project timestamp="1751355937569" name="All files">
    <metrics statements="5" coveredstatements="5" conditionals="0" coveredconditionals="0" methods="3" coveredmethods="3" elements="8" coveredelements="8" complexity="0" loc="5" ncloc="5" packages="1" files="1" classes="1"/>
    <file name="whatsappService.ts" path="C:\Users\Admin\WebstormProjects\SomaBot\src\services\whatsappService.ts">
      <metrics statements="5" coveredstatements="5" conditionals="0" coveredconditionals="0" methods="3" coveredmethods="3"/>
      <line num="16" count="1" type="stmt"/>
      <line num="17" count="2" type="stmt"/>
      <line num="25" count="1" type="stmt"/>
      <line num="27" count="1" type="stmt"/>
      <line num="28" count="1" type="stmt"/>
    </file>
  </project>
</coverage>
