{"C:\\Users\\Admin\\WebstormProjects\\SomaBot\\src\\services\\whatsappService.ts": {"path":"C:\\Users\\Admin\\WebstormProjects\\SomaBot\\src\\services\\whatsappService.ts","statementMap":{"0":{"start":{"line":16,"column":0},"end":{"line":16,"column":16}},"1":{"start":{"line":25,"column":0},"end":{"line":25,"column":7}},"2":{"start":{"line":17,"column":2},"end":{"line":17,"column":22}},"3":{"start":{"line":27,"column":2},"end":{"line":27,"column":59}},"4":{"start":{"line":27,"column":33},"end":{"line":27,"column":57}},"5":{"start":{"line":28,"column":2},"end":{"line":32,"column":4}}},"fnMap":{"0":{"name":"formatMessage","decl":{"start":{"line":16,"column":16},"end":{"line":16,"column":29}},"loc":{"start":{"line":16,"column":54},"end":{"line":18,"column":1}}},"1":{"name":"sendMessage","decl":{"start":{"line":25,"column":22},"end":{"line":25,"column":33}},"loc":{"start":{"line":25,"column":58},"end":{"line":33,"column":1}}},"2":{"name":"(anonymous_2)","decl":{"start":{"line":27,"column":20},"end":{"line":27,"column":21}},"loc":{"start":{"line":27,"column":33},"end":{"line":27,"column":57}}}},"branchMap":{},"s":{"0":1,"1":1,"2":2,"3":1,"4":1,"5":1},"f":{"0":2,"1":1,"2":1},"b":{}}
}
